W1129 02:08:44.328000 2336226 site-packages/torch/distributed/run.py:803] 
W1129 02:08:44.328000 2336226 site-packages/torch/distributed/run.py:803] *****************************************
W1129 02:08:44.328000 2336226 site-packages/torch/distributed/run.py:803] Setting OMP_NUM_THREADS environment variable for each process to be 1 in default, to avoid your system being overloaded, please further tune the variable for optimal performance in your application as needed. 
W1129 02:08:44.328000 2336226 site-packages/torch/distributed/run.py:803] *****************************************
2025-11-29 02:08:51.726342: I tensorflow/core/util/port.cc:153] oneDNN custom operations are on. You may see slightly different numerical results due to floating-point round-off errors from different computation orders. To turn them off, set the environment variable `TF_ENABLE_ONEDNN_OPTS=0`.
2025-11-29 02:08:51.728703: I tensorflow/core/util/port.cc:153] oneDNN custom operations are on. You may see slightly different numerical results due to floating-point round-off errors from different computation orders. To turn them off, set the environment variable `TF_ENABLE_ONEDNN_OPTS=0`.
2025-11-29 02:08:51.774046: I tensorflow/core/platform/cpu_feature_guard.cc:210] This TensorFlow binary is optimized to use available CPU instructions in performance-critical operations.
To enable the following instructions: AVX2 AVX512F AVX512_VNNI AVX512_BF16 FMA, in other operations, rebuild TensorFlow with the appropriate compiler flags.
2025-11-29 02:08:51.776104: I tensorflow/core/platform/cpu_feature_guard.cc:210] This TensorFlow binary is optimized to use available CPU instructions in performance-critical operations.
To enable the following instructions: AVX2 AVX512F AVX512_VNNI AVX512_BF16 FMA, in other operations, rebuild TensorFlow with the appropriate compiler flags.
2025-11-29 02:08:53.808778: I tensorflow/core/util/port.cc:153] oneDNN custom operations are on. You may see slightly different numerical results due to floating-point round-off errors from different computation orders. To turn them off, set the environment variable `TF_ENABLE_ONEDNN_OPTS=0`.
2025-11-29 02:08:53.854130: I tensorflow/core/platform/cpu_feature_guard.cc:210] This TensorFlow binary is optimized to use available CPU instructions in performance-critical operations.
To enable the following instructions: AVX2 AVX512F AVX512_VNNI AVX512_BF16 FMA, in other operations, rebuild TensorFlow with the appropriate compiler flags.
2025-11-29 02:08:54.575910: I tensorflow/core/util/port.cc:153] oneDNN custom operations are on. You may see slightly different numerical results due to floating-point round-off errors from different computation orders. To turn them off, set the environment variable `TF_ENABLE_ONEDNN_OPTS=0`.
2025-11-29 02:08:55.871749: I tensorflow/core/util/port.cc:153] oneDNN custom operations are on. You may see slightly different numerical results due to floating-point round-off errors from different computation orders. To turn them off, set the environment variable `TF_ENABLE_ONEDNN_OPTS=0`.
2025-11-29 02:08:56.474392: I tensorflow/core/util/port.cc:153] oneDNN custom operations are on. You may see slightly different numerical results due to floating-point round-off errors from different computation orders. To turn them off, set the environment variable `TF_ENABLE_ONEDNN_OPTS=0`.
2025-11-29 02:08:56.520964: I tensorflow/core/platform/cpu_feature_guard.cc:210] This TensorFlow binary is optimized to use available CPU instructions in performance-critical operations.
To enable the following instructions: AVX2 AVX512F AVX512_VNNI AVX512_BF16 FMA, in other operations, rebuild TensorFlow with the appropriate compiler flags.
2025-11-29 02:08:58.592920: I tensorflow/core/util/port.cc:153] oneDNN custom operations are on. You may see slightly different numerical results due to floating-point round-off errors from different computation orders. To turn them off, set the environment variable `TF_ENABLE_ONEDNN_OPTS=0`.
2025-11-29 02:08:58.804842: I tensorflow/core/util/port.cc:153] oneDNN custom operations are on. You may see slightly different numerical results due to floating-point round-off errors from different computation orders. To turn them off, set the environment variable `TF_ENABLE_ONEDNN_OPTS=0`.
Traceback (most recent call last):
  File "/home/axs7716/my_model/Finetuning_V4-deepseek.py", line 271, in <module>
    training_args = TrainingArguments(
                    ^^^^^^^^^^^^^^^^^^
  File "<string>", line 135, in __init__
  File "/home/axs7716/anaconda3/envs/arsh_env/lib/python3.12/site-packages/transformers/training_args.py", line 1811, in __post_init__
    self.device
  File "/home/axs7716/anaconda3/envs/arsh_env/lib/python3.12/site-packages/transformers/training_args.py", line 2355, in device
    return self._setup_devices
           ^^^^^^^^^^^^^^^^^^^
  File "/home/axs7716/anaconda3/envs/arsh_env/lib/python3.12/functools.py", line 998, in __get__
    val = self.func(instance)
          ^^^^^^^^^^^^^^^^^^^
  File "/home/axs7716/anaconda3/envs/arsh_env/lib/python3.12/site-packages/transformers/training_args.py", line 2282, in _setup_devices
    self.distributed_state = PartialState(**accelerator_state_kwargs)
Traceback (most recent call last):
      File "/home/axs7716/my_model/Finetuning_V4-deepseek.py", line 271, in <module>
                         ^^^^^^^^^^^^^^^^^^^^^^^^^^^^^^^^^^^^^^^^
  File "/home/axs7716/anaconda3/envs/arsh_env/lib/python3.12/site-packages/accelerate/state.py", line 210, in __init__
    training_args = TrainingArguments(
                    ^^^^^^^^^^^^^^^^^^
      File "<string>", line 135, in __init__
from deepspeed import comm as dist
  File "/home/axs7716/anaconda3/envs/arsh_env/lib/python3.12/site-packages/transformers/training_args.py", line 1811, in __post_init__
  File "/home/axs7716/anaconda3/envs/arsh_env/lib/python3.12/site-packages/deepspeed/__init__.py", line 25, in <module>
    from . import ops
  File "/home/axs7716/anaconda3/envs/arsh_env/lib/python3.12/site-packages/deepspeed/ops/__init__.py", line 15, in <module>
    self.device
  File "/home/axs7716/anaconda3/envs/arsh_env/lib/python3.12/site-packages/transformers/training_args.py", line 2355, in device
    from ..git_version_info import compatible_ops as __compatible_ops__
  File "/home/axs7716/anaconda3/envs/arsh_env/lib/python3.12/site-packages/deepspeed/git_version_info.py", line 29, in <module>
    op_compatible = builder.is_compatible()
                    ^^^^^^^^^^^^^^^^^^^^^^^
  File "/home/axs7716/anaconda3/envs/arsh_env/lib/python3.12/site-packages/deepspeed/ops/op_builder/fp_quantizer.py", line 35, in is_compatible
    return self._setup_devices
           ^^^^^^^^^^^^^^^^^^^
  File "/home/axs7716/anaconda3/envs/arsh_env/lib/python3.12/functools.py", line 998, in __get__
    sys_cuda_major, _ = installed_cuda_version()
                        ^^^^^^^^^^^^^^^^^^^^^^^^
  File "/home/axs7716/anaconda3/envs/arsh_env/lib/python3.12/site-packages/deepspeed/ops/op_builder/builder.py", line 51, in installed_cuda_version
    val = self.func(instance)
          ^^^^^^^^^^^^^^^^^^^
  File "/home/axs7716/anaconda3/envs/arsh_env/lib/python3.12/site-packages/transformers/training_args.py", line 2282, in _setup_devices
    raise MissingCUDAException("CUDA_HOME does not exist, unable to compile CUDA op(s)")
deepspeed.ops.op_builder.builder.MissingCUDAException: CUDA_HOME does not exist, unable to compile CUDA op(s)
    self.distributed_state = PartialState(**accelerator_state_kwargs)
                             ^^^^^^^^^^^^^^^^^^^^^^^^^^^^^^^^^^^^^^^^
  File "/home/axs7716/anaconda3/envs/arsh_env/lib/python3.12/site-packages/accelerate/state.py", line 210, in __init__
    from deepspeed import comm as dist
  File "/home/axs7716/anaconda3/envs/arsh_env/lib/python3.12/site-packages/deepspeed/__init__.py", line 25, in <module>
    from . import ops
  File "/home/axs7716/anaconda3/envs/arsh_env/lib/python3.12/site-packages/deepspeed/ops/__init__.py", line 15, in <module>
    from ..git_version_info import compatible_ops as __compatible_ops__
  File "/home/axs7716/anaconda3/envs/arsh_env/lib/python3.12/site-packages/deepspeed/git_version_info.py", line 29, in <module>
    op_compatible = builder.is_compatible()
                    ^^^^^^^^^^^^^^^^^^^^^^^
  File "/home/axs7716/anaconda3/envs/arsh_env/lib/python3.12/site-packages/deepspeed/ops/op_builder/fp_quantizer.py", line 35, in is_compatible
    sys_cuda_major, _ = installed_cuda_version()
                        ^^^^^^^^^^^^^^^^^^^^^^^^
  File "/home/axs7716/anaconda3/envs/arsh_env/lib/python3.12/site-packages/deepspeed/ops/op_builder/builder.py", line 51, in installed_cuda_version
    raise MissingCUDAException("CUDA_HOME does not exist, unable to compile CUDA op(s)")
deepspeed.ops.op_builder.builder.MissingCUDAException: CUDA_HOME does not exist, unable to compile CUDA op(s)
W1129 02:09:05.641000 2336226 site-packages/torch/distributed/elastic/multiprocessing/api.py:908] Sending process 2336310 closing signal SIGTERM
W1129 02:09:05.642000 2336226 site-packages/torch/distributed/elastic/multiprocessing/api.py:908] Sending process 2336311 closing signal SIGTERM
W1129 02:09:05.643000 2336226 site-packages/torch/distributed/elastic/multiprocessing/api.py:908] Sending process 2336312 closing signal SIGTERM
E1129 02:09:05.922000 2336226 site-packages/torch/distributed/elastic/multiprocessing/api.py:882] failed (exitcode: 1) local_rank: 0 (pid: 2336309) of binary: /home/axs7716/anaconda3/envs/arsh_env/bin/python3.12
Traceback (most recent call last):
  File "/home/axs7716/anaconda3/envs/arsh_env/bin/torchrun", line 7, in <module>
    sys.exit(main())
             ^^^^^^
  File "/home/axs7716/anaconda3/envs/arsh_env/lib/python3.12/site-packages/torch/distributed/elastic/multiprocessing/errors/__init__.py", line 357, in wrapper
    return f(*args, **kwargs)
           ^^^^^^^^^^^^^^^^^^
  File "/home/axs7716/anaconda3/envs/arsh_env/lib/python3.12/site-packages/torch/distributed/run.py", line 936, in main
    run(args)
  File "/home/axs7716/anaconda3/envs/arsh_env/lib/python3.12/site-packages/torch/distributed/run.py", line 927, in run
    elastic_launch(
  File "/home/axs7716/anaconda3/envs/arsh_env/lib/python3.12/site-packages/torch/distributed/launcher/api.py", line 156, in __call__
    return launch_agent(self._config, self._entrypoint, list(args))
           ^^^^^^^^^^^^^^^^^^^^^^^^^^^^^^^^^^^^^^^^^^^^^^^^^^^^^^^^
  File "/home/axs7716/anaconda3/envs/arsh_env/lib/python3.12/site-packages/torch/distributed/launcher/api.py", line 293, in launch_agent
    raise ChildFailedError(
torch.distributed.elastic.multiprocessing.errors.ChildFailedError: 
============================================================
Finetuning_V4-deepseek.py FAILED
------------------------------------------------------------
Failures:
  <NO_OTHER_FAILURES>
------------------------------------------------------------
Root Cause (first observed failure):
[0]:
  time      : 2025-11-29_02:09:05
  host      : h100-8s-01
  rank      : 0 (local_rank: 0)
  exitcode  : 1 (pid: 2336309)
  error_file: <N/A>
  traceback : To enable traceback see: https://pytorch.org/docs/stable/elastic/errors.html
============================================================
